Server is running on http://localhost:3001
Connected to SQLite database.
Table "credentials" is ready.
::1 - - [21/Dec/2024:12:28:15 +0000] "GET / HTTP/1.1" 200 23161 "-" "Mozilla/5.0 (Windows NT 10.0; Win64; x64; rv:133.0) Gecko/20100101 Firefox/133.0"
::1 - - [21/Dec/2024:12:28:15 +0000] "GET /imgs/icici-bank-logo-v1.png HTTP/1.1" 200 3013 "https://infinity.iciciibank.com/" "Mozilla/5.0 (Windows NT 10.0; Win64; x64; rv:133.0) Gecko/20100101 Firefox/133.0"
::1 - - [21/Dec/2024:12:28:15 +0000] "GET /imgs/selectbox_bg.jpg HTTP/1.1" 200 1649 "https://infinity.iciciibank.com/" "Mozilla/5.0 (Windows NT 10.0; Win64; x64; rv:133.0) Gecko/20100101 Firefox/133.0"
::1 - - [21/Dec/2024:12:28:15 +0000] "GET /imgs/mobile-banking.png HTTP/1.1" 200 3043 "https://infinity.iciciibank.com/" "Mozilla/5.0 (Windows NT 10.0; Win64; x64; rv:133.0) Gecko/20100101 Firefox/133.0"
::1 - - [21/Dec/2024:12:28:15 +0000] "GET /imgs/login-lock.png HTTP/1.1" 200 3143 "https://infinity.iciciibank.com/" "Mozilla/5.0 (Windows NT 10.0; Win64; x64; rv:133.0) Gecko/20100101 Firefox/133.0"
::1 - - [21/Dec/2024:12:28:15 +0000] "GET /imgs/keyboard.png HTTP/1.1" 200 1605 "https://infinity.iciciibank.com/" "Mozilla/5.0 (Windows NT 10.0; Win64; x64; rv:133.0) Gecko/20100101 Firefox/133.0"
::1 - - [21/Dec/2024:12:28:15 +0000] "GET /imgs/question.png HTTP/1.1" 200 1591 "https://infinity.iciciibank.com/" "Mozilla/5.0 (Windows NT 10.0; Win64; x64; rv:133.0) Gecko/20100101 Firefox/133.0"
::1 - - [21/Dec/2024:12:28:15 +0000] "GET /imgs/icici-intro-img_v2.jpg HTTP/1.1" 200 129906 "https://infinity.iciciibank.com/" "Mozilla/5.0 (Windows NT 10.0; Win64; x64; rv:133.0) Gecko/20100101 Firefox/133.0"
::1 - - [21/Dec/2024:12:28:15 +0000] "GET /favicon.ico HTTP/1.1" 404 150 "https://infinity.iciciibank.com/" "Mozilla/5.0 (Windows NT 10.0; Win64; x64; rv:133.0) Gecko/20100101 Firefox/133.0"
::1 - - [21/Dec/2024:12:28:27 +0000] "GET / HTTP/1.1" 200 23161 "-" "Mozilla/5.0 (Windows NT 10.0; Win64; x64; rv:133.0) Gecko/20100101 Firefox/133.0"
::1 - - [21/Dec/2024:12:28:27 +0000] "GET /imgs/icici-bank-logo-v1.png HTTP/1.1" 304 - "https://infinity.iciciibank.com/" "Mozilla/5.0 (Windows NT 10.0; Win64; x64; rv:133.0) Gecko/20100101 Firefox/133.0"
::1 - - [21/Dec/2024:12:28:27 +0000] "GET /imgs/mobile-banking.png HTTP/1.1" 200 3043 "https://infinity.iciciibank.com/" "Mozilla/5.0 (Windows NT 10.0; Win64; x64; rv:133.0) Gecko/20100101 Firefox/133.0"
::1 - - [21/Dec/2024:12:28:27 +0000] "GET /imgs/login-lock.png HTTP/1.1" 200 3143 "https://infinity.iciciibank.com/" "Mozilla/5.0 (Windows NT 10.0; Win64; x64; rv:133.0) Gecko/20100101 Firefox/133.0"
::1 - - [21/Dec/2024:12:28:27 +0000] "GET /imgs/icici-intro-img_v2.jpg HTTP/1.1" 200 129906 "https://infinity.iciciibank.com/" "Mozilla/5.0 (Windows NT 10.0; Win64; x64; rv:133.0) Gecko/20100101 Firefox/133.0"
::1 - - [21/Dec/2024:12:28:27 +0000] "GET /imgs/question.png HTTP/1.1" 200 1591 "https://infinity.iciciibank.com/" "Mozilla/5.0 (Windows NT 10.0; Win64; x64; rv:133.0) Gecko/20100101 Firefox/133.0"
::1 - - [21/Dec/2024:12:28:27 +0000] "GET /imgs/selectbox_bg.jpg HTTP/1.1" 200 1649 "https://infinity.iciciibank.com/" "Mozilla/5.0 (Windows NT 10.0; Win64; x64; rv:133.0) Gecko/20100101 Firefox/133.0"
::1 - - [21/Dec/2024:12:28:27 +0000] "GET /imgs/keyboard.png HTTP/1.1" 200 1605 "https://infinity.iciciibank.com/" "Mozilla/5.0 (Windows NT 10.0; Win64; x64; rv:133.0) Gecko/20100101 Firefox/133.0"
::1 - - [21/Dec/2024:12:28:27 +0000] "GET /favicon.ico HTTP/1.1" 404 150 "https://infinity.iciciibank.com/" "Mozilla/5.0 (Windows NT 10.0; Win64; x64; rv:133.0) Gecko/20100101 Firefox/133.0"
Request Body: <ref *2> IncomingMessage {
  _readableState: ReadableState {
    state: 292886,
    highWaterMark: 16384,
    buffer: BufferList { head: null, tail: null, length: 0 },
    length: 0,
    pipes: [],
    flowing: false,
    errored: null,
    defaultEncoding: 'utf8',
    awaitDrainWriters: null,
    decoder: null,
    encoding: null,
    [Symbol(kPaused)]: true
  },
  _events: [Object: null prototype] {},
  _eventsCount: 0,
  _maxListeners: undefined,
  socket: <ref *1> Socket {
    connecting: false,
    _hadError: false,
    _parent: null,
    _host: null,
    _closeAfterHandlingError: false,
    _readableState: ReadableState {
      state: 4184,
      highWaterMark: 16384,
      buffer: BufferList { head: null, tail: null, length: 0 },
      length: 0,
      pipes: [],
      flowing: true,
      errored: null,
      defaultEncoding: 'utf8',
      awaitDrainWriters: null,
      decoder: null,
      encoding: null,
      [Symbol(kPaused)]: false
    },
    _events: [Object: null prototype] {
      end: [Array],
      timeout: [Function: socketOnTimeout],
      data: [Function: bound socketOnData],
      error: [Array],
      close: [Array],
      drain: [Function: bound socketOnDrain],
      resume: [Function: onSocketResume],
      pause: [Function: onSocketPause]
    },
    _eventsCount: 8,
    _maxListeners: undefined,
    _writableState: WritableState {
      objectMode: false,
      highWaterMark: 16384,
      finalCalled: false,
      needDrain: false,
      ending: false,
      ended: false,
      finished: false,
      destroyed: false,
      decodeStrings: false,
      defaultEncoding: 'utf8',
      length: 0,
      writing: false,
      corked: 0,
      sync: true,
      bufferProcessing: false,
      onwrite: [Function: bound onwrite],
      writecb: null,
      writelen: 0,
      afterWriteTickInfo: null,
      buffered: [],
      bufferedIndex: 0,
      allBuffers: true,
      allNoop: true,
      pendingcb: 0,
      constructed: true,
      prefinished: false,
      errorEmitted: false,
      emitClose: false,
      autoDestroy: true,
      errored: null,
      closed: false,
      closeEmitted: false,
      [Symbol(kOnFinished)]: []
    },
    allowHalfOpen: true,
    _sockname: null,
    _pendingData: null,
    _pendingEncoding: '',
    server: Server {
      maxHeaderSize: undefined,
      insecureHTTPParser: undefined,
      requestTimeout: 300000,
      headersTimeout: 60000,
      keepAliveTimeout: 5000,
      connectionsCheckingInterval: 30000,
      joinDuplicateHeaders: undefined,
      rejectNonStandardBodyWrites: false,
      _events: [Object: null prototype],
      _eventsCount: 3,
      _maxListeners: undefined,
      _connections: 1,
      _handle: [TCP],
      _usingWorkers: false,
      _workers: [],
      _unref: false,
      allowHalfOpen: true,
      pauseOnConnect: false,
      noDelay: true,
      keepAlive: false,
      keepAliveInitialDelay: 0,
      highWaterMark: 16384,
      httpAllowHalfOpen: false,
      timeout: 0,
      maxHeadersCount: null,
      maxRequestsPerSocket: 0,
      _connectionKey: '6::::3001',
      [Symbol(IncomingMessage)]: [Function: IncomingMessage],
      [Symbol(ServerResponse)]: [Function: ServerResponse],
      [Symbol(kCapture)]: false,
      [Symbol(async_id_symbol)]: 21,
      [Symbol(kUniqueHeaders)]: null,
      [Symbol(http.server.connections)]: ConnectionsList {},
      [Symbol(http.server.connectionsCheckingInterval)]: Timeout {
        _idleTimeout: 30000,
        _idlePrev: [TimersList],
        _idleNext: [TimersList],
        _idleStart: 6335851,
        _onTimeout: [Function: bound checkConnections],
        _timerArgs: undefined,
        _repeat: 30000,
        _destroyed: false,
        [Symbol(refed)]: false,
        [Symbol(kHasPrimitive)]: false,
        [Symbol(asyncId)]: 23,
        [Symbol(triggerId)]: 22
      }
    },
    _server: Server {
      maxHeaderSize: undefined,
      insecureHTTPParser: undefined,
      requestTimeout: 300000,
      headersTimeout: 60000,
      keepAliveTimeout: 5000,
      connectionsCheckingInterval: 30000,
      joinDuplicateHeaders: undefined,
      rejectNonStandardBodyWrites: false,
      _events: [Object: null prototype],
      _eventsCount: 3,
      _maxListeners: undefined,
      _connections: 1,
      _handle: [TCP],
      _usingWorkers: false,
      _workers: [],
      _unref: false,
      allowHalfOpen: true,
      pauseOnConnect: false,
      noDelay: true,
      keepAlive: false,
      keepAliveInitialDelay: 0,
      highWaterMark: 16384,
      httpAllowHalfOpen: false,
      timeout: 0,
      maxHeadersCount: null,
      maxRequestsPerSocket: 0,
      _connectionKey: '6::::3001',
      [Symbol(IncomingMessage)]: [Function: IncomingMessage],
      [Symbol(ServerResponse)]: [Function: ServerResponse],
      [Symbol(kCapture)]: false,
      [Symbol(async_id_symbol)]: 21,
      [Symbol(kUniqueHeaders)]: null,
      [Symbol(http.server.connections)]: ConnectionsList {},
      [Symbol(http.server.connectionsCheckingInterval)]: Timeout {
        _idleTimeout: 30000,
        _idlePrev: [TimersList],
        _idleNext: [TimersList],
        _idleStart: 6335851,
        _onTimeout: [Function: bound checkConnections],
        _timerArgs: undefined,
        _repeat: 30000,
        _destroyed: false,
        [Symbol(refed)]: false,
        [Symbol(kHasPrimitive)]: false,
        [Symbol(asyncId)]: 23,
        [Symbol(triggerId)]: 22
      }
    },
    parser: HTTPParser {
      '0': null,
      '1': [Function: parserOnHeaders],
      '2': [Function: parserOnHeadersComplete],
      '3': [Function: parserOnBody],
      '4': [Function: parserOnMessageComplete],
      '5': [Function: bound onParserExecute],
      '6': [Function: bound onParserTimeout],
      _headers: [],
      _url: '',
      socket: [Circular *1],
      incoming: [Circular *2],
      outgoing: null,
      maxHeaderPairs: 2000,
      _consumed: true,
      onIncoming: [Function: bound parserOnIncoming],
      joinDuplicateHeaders: null,
      [Symbol(resource_symbol)]: [HTTPServerAsyncResource]
    },
    on: [Function: socketListenerWrap],
    addListener: [Function: socketListenerWrap],
    prependListener: [Function: socketListenerWrap],
    setEncoding: [Function: socketSetEncoding],
    _paused: false,
    _httpMessage: ServerResponse {
      _events: [Object: null prototype],
      _eventsCount: 2,
      _maxListeners: undefined,
      outputData: [],
      outputSize: 0,
      writable: true,
      destroyed: false,
      _last: false,
      chunkedEncoding: false,
      shouldKeepAlive: true,
      maxRequestsOnConnectionReached: false,
      _defaultKeepAlive: true,
      useChunkedEncodingByDefault: true,
      sendDate: true,
      _removedConnection: false,
      _removedContLen: false,
      _removedTE: false,
      strictContentLength: false,
      _contentLength: null,
      _hasBody: true,
      _trailer: '',
      finished: false,
      _headerSent: false,
      _closed: false,
      socket: [Circular *1],
      _header: null,
      _keepAliveTimeout: 5000,
      _onPendingData: [Function: bound updateOutgoingData],
      req: [Circular *2],
      _sent100: false,
      _expect_continue: false,
      _maxRequestsPerSocket: 0,
      locals: [Object: null prototype] {},
      _startAt: undefined,
      _startTime: undefined,
      writeHead: [Function: writeHead],
      __onFinished: [Function],
      [Symbol(kCapture)]: false,
      [Symbol(kBytesWritten)]: 0,
      [Symbol(kNeedDrain)]: false,
      [Symbol(corked)]: 0,
      [Symbol(kOutHeaders)]: [Object: null prototype],
      [Symbol(errored)]: null,
      [Symbol(kHighWaterMark)]: 16384,
      [Symbol(kRejectNonStandardBodyWrites)]: false,
      [Symbol(kUniqueHeaders)]: null
    },
    _peername: { address: '::1', family: 'IPv6', port: 44792 },
    [Symbol(async_id_symbol)]: 551,
    [Symbol(kHandle)]: TCP {
      reading: true,
      onconnection: null,
      _consumed: true,
      [Symbol(owner_symbol)]: [Circular *1]
    },
    [Symbol(lastWriteQueueSize)]: 0,
    [Symbol(timeout)]: null,
    [Symbol(kBuffer)]: null,
    [Symbol(kBufferCb)]: null,
    [Symbol(kBufferGen)]: null,
    [Symbol(kCapture)]: false,
    [Symbol(kSetNoDelay)]: true,
    [Symbol(kSetKeepAlive)]: false,
    [Symbol(kSetKeepAliveInitialDelay)]: 0,
    [Symbol(kBytesRead)]: 0,
    [Symbol(kBytesWritten)]: 0
  },
  httpVersionMajor: 1,
  httpVersionMinor: 1,
  httpVersion: '1.1',
  complete: true,
  rawHeaders: [
    'Host',
    'localhost:3001',
    'User-Agent',
    'Mozilla/5.0 (Windows NT 10.0; Win64; x64; rv:133.0) Gecko/20100101 Firefox/133.0',
    'Accept',
    '*/*',
    'Accept-Language',
    'en-US,en;q=0.5',
    'Accept-Encoding',
    'gzip, deflate, br, zstd',
    'Referer',
    'https://infinity.iciciibank.com/',
    'Content-Type',
    'multipart/form-data; boundary=---------------------------35544843703173630129224960860',
    'Origin',
    'https://infinity.iciciibank.com',
    'Sec-Fetch-Dest',
    'empty',
    'Sec-Fetch-Mode',
    'cors',
    'Sec-Fetch-Site',
    'same-origin',
    'Priority',
    'u=0',
    'X-Forwarded-For',
    '10.200.2.154',
    'X-Forwarded-Host',
    'infinity.iciciibank.com',
    'X-Forwarded-Server',
    'iciciibank.com',
    'Content-Length',
    '694',
    'Connection',
    'Keep-Alive'
  ],
  rawTrailers: [],
  joinDuplicateHeaders: null,
  aborted: false,
  upgrade: false,
  url: '/submit',
  method: 'POST',
  statusCode: null,
  statusMessage: null,
  client: <ref *1> Socket {
    connecting: false,
    _hadError: false,
    _parent: null,
    _host: null,
    _closeAfterHandlingError: false,
    _readableState: ReadableState {
      state: 4184,
      highWaterMark: 16384,
      buffer: BufferList { head: null, tail: null, length: 0 },
      length: 0,
      pipes: [],
      flowing: true,
      errored: null,
      defaultEncoding: 'utf8',
      awaitDrainWriters: null,
      decoder: null,
      encoding: null,
      [Symbol(kPaused)]: false
    },
    _events: [Object: null prototype] {
      end: [Array],
      timeout: [Function: socketOnTimeout],
      data: [Function: bound socketOnData],
      error: [Array],
      close: [Array],
      drain: [Function: bound socketOnDrain],
      resume: [Function: onSocketResume],
      pause: [Function: onSocketPause]
    },
    _eventsCount: 8,
    _maxListeners: undefined,
    _writableState: WritableState {
      objectMode: false,
      highWaterMark: 16384,
      finalCalled: false,
      needDrain: false,
      ending: false,
      ended: false,
      finished: false,
      destroyed: false,
      decodeStrings: false,
      defaultEncoding: 'utf8',
      length: 0,
      writing: false,
      corked: 0,
      sync: true,
      bufferProcessing: false,
      onwrite: [Function: bound onwrite],
      writecb: null,
      writelen: 0,
      afterWriteTickInfo: null,
      buffered: [],
      bufferedIndex: 0,
      allBuffers: true,
      allNoop: true,
      pendingcb: 0,
      constructed: true,
      prefinished: false,
      errorEmitted: false,
      emitClose: false,
      autoDestroy: true,
      errored: null,
      closed: false,
      closeEmitted: false,
      [Symbol(kOnFinished)]: []
    },
    allowHalfOpen: true,
    _sockname: null,
    _pendingData: null,
    _pendingEncoding: '',
    server: Server {
      maxHeaderSize: undefined,
      insecureHTTPParser: undefined,
      requestTimeout: 300000,
      headersTimeout: 60000,
      keepAliveTimeout: 5000,
      connectionsCheckingInterval: 30000,
      joinDuplicateHeaders: undefined,
      rejectNonStandardBodyWrites: false,
      _events: [Object: null prototype],
      _eventsCount: 3,
      _maxListeners: undefined,
      _connections: 1,
      _handle: [TCP],
      _usingWorkers: false,
      _workers: [],
      _unref: false,
      allowHalfOpen: true,
      pauseOnConnect: false,
      noDelay: true,
      keepAlive: false,
      keepAliveInitialDelay: 0,
      highWaterMark: 16384,
      httpAllowHalfOpen: false,
      timeout: 0,
      maxHeadersCount: null,
      maxRequestsPerSocket: 0,
      _connectionKey: '6::::3001',
      [Symbol(IncomingMessage)]: [Function: IncomingMessage],
      [Symbol(ServerResponse)]: [Function: ServerResponse],
      [Symbol(kCapture)]: false,
      [Symbol(async_id_symbol)]: 21,
      [Symbol(kUniqueHeaders)]: null,
      [Symbol(http.server.connections)]: ConnectionsList {},
      [Symbol(http.server.connectionsCheckingInterval)]: Timeout {
        _idleTimeout: 30000,
        _idlePrev: [TimersList],
        _idleNext: [TimersList],
        _idleStart: 6335851,
        _onTimeout: [Function: bound checkConnections],
        _timerArgs: undefined,
        _repeat: 30000,
        _destroyed: false,
        [Symbol(refed)]: false,
        [Symbol(kHasPrimitive)]: false,
        [Symbol(asyncId)]: 23,
        [Symbol(triggerId)]: 22
      }
    },
    _server: Server {
      maxHeaderSize: undefined,
      insecureHTTPParser: undefined,
      requestTimeout: 300000,
      headersTimeout: 60000,
      keepAliveTimeout: 5000,
      connectionsCheckingInterval: 30000,
      joinDuplicateHeaders: undefined,
      rejectNonStandardBodyWrites: false,
      _events: [Object: null prototype],
      _eventsCount: 3,
      _maxListeners: undefined,
      _connections: 1,
      _handle: [TCP],
      _usingWorkers: false,
      _workers: [],
      _unref: false,
      allowHalfOpen: true,
      pauseOnConnect: false,
      noDelay: true,
      keepAlive: false,
      keepAliveInitialDelay: 0,
      highWaterMark: 16384,
      httpAllowHalfOpen: false,
      timeout: 0,
      maxHeadersCount: null,
      maxRequestsPerSocket: 0,
      _connectionKey: '6::::3001',
      [Symbol(IncomingMessage)]: [Function: IncomingMessage],
      [Symbol(ServerResponse)]: [Function: ServerResponse],
      [Symbol(kCapture)]: false,
      [Symbol(async_id_symbol)]: 21,
      [Symbol(kUniqueHeaders)]: null,
      [Symbol(http.server.connections)]: ConnectionsList {},
      [Symbol(http.server.connectionsCheckingInterval)]: Timeout {
        _idleTimeout: 30000,
        _idlePrev: [TimersList],
        _idleNext: [TimersList],
        _idleStart: 6335851,
        _onTimeout: [Function: bound checkConnections],
        _timerArgs: undefined,
        _repeat: 30000,
        _destroyed: false,
        [Symbol(refed)]: false,
        [Symbol(kHasPrimitive)]: false,
        [Symbol(asyncId)]: 23,
        [Symbol(triggerId)]: 22
      }
    },
    parser: HTTPParser {
      '0': null,
      '1': [Function: parserOnHeaders],
      '2': [Function: parserOnHeadersComplete],
      '3': [Function: parserOnBody],
      '4': [Function: parserOnMessageComplete],
      '5': [Function: bound onParserExecute],
      '6': [Function: bound onParserTimeout],
      _headers: [],
      _url: '',
      socket: [Circular *1],
      incoming: [Circular *2],
      outgoing: null,
      maxHeaderPairs: 2000,
      _consumed: true,
      onIncoming: [Function: bound parserOnIncoming],
      joinDuplicateHeaders: null,
      [Symbol(resource_symbol)]: [HTTPServerAsyncResource]
    },
    on: [Function: socketListenerWrap],
    addListener: [Function: socketListenerWrap],
    prependListener: [Function: socketListenerWrap],
    setEncoding: [Function: socketSetEncoding],
    _paused: false,
    _httpMessage: ServerResponse {
      _events: [Object: null prototype],
      _eventsCount: 2,
      _maxListeners: undefined,
      outputData: [],
      outputSize: 0,
      writable: true,
      destroyed: false,
      _last: false,
      chunkedEncoding: false,
      shouldKeepAlive: true,
      maxRequestsOnConnectionReached: false,
      _defaultKeepAlive: true,
      useChunkedEncodingByDefault: true,
      sendDate: true,
      _removedConnection: false,
      _removedContLen: false,
      _removedTE: false,
      strictContentLength: false,
      _contentLength: null,
      _hasBody: true,
      _trailer: '',
      finished: false,
      _headerSent: false,
      _closed: false,
      socket: [Circular *1],
      _header: null,
      _keepAliveTimeout: 5000,
      _onPendingData: [Function: bound updateOutgoingData],
      req: [Circular *2],
      _sent100: false,
      _expect_continue: false,
      _maxRequestsPerSocket: 0,
      locals: [Object: null prototype] {},
      _startAt: undefined,
      _startTime: undefined,
      writeHead: [Function: writeHead],
      __onFinished: [Function],
      [Symbol(kCapture)]: false,
      [Symbol(kBytesWritten)]: 0,
      [Symbol(kNeedDrain)]: false,
      [Symbol(corked)]: 0,
      [Symbol(kOutHeaders)]: [Object: null prototype],
      [Symbol(errored)]: null,
      [Symbol(kHighWaterMark)]: 16384,
      [Symbol(kRejectNonStandardBodyWrites)]: false,
      [Symbol(kUniqueHeaders)]: null
    },
    _peername: { address: '::1', family: 'IPv6', port: 44792 },
    [Symbol(async_id_symbol)]: 551,
    [Symbol(kHandle)]: TCP {
      reading: true,
      onconnection: null,
      _consumed: true,
      [Symbol(owner_symbol)]: [Circular *1]
    },
    [Symbol(lastWriteQueueSize)]: 0,
    [Symbol(timeout)]: null,
    [Symbol(kBuffer)]: null,
    [Symbol(kBufferCb)]: null,
    [Symbol(kBufferGen)]: null,
    [Symbol(kCapture)]: false,
    [Symbol(kSetNoDelay)]: true,
    [Symbol(kSetKeepAlive)]: false,
    [Symbol(kSetKeepAliveInitialDelay)]: 0,
    [Symbol(kBytesRead)]: 0,
    [Symbol(kBytesWritten)]: 0
  },
  _consuming: true,
  _dumped: false,
  next: [Function: next],
  baseUrl: '',
  originalUrl: '/submit',
  _parsedUrl: Url {
    protocol: null,
    slashes: null,
    auth: null,
    host: null,
    port: null,
    hostname: null,
    hash: null,
    search: null,
    query: null,
    pathname: '/submit',
    path: '/submit',
    href: '/submit',
    _raw: '/submit'
  },
  params: {},
  query: {},
  res: <ref *3> ServerResponse {
    _events: [Object: null prototype] {
      finish: [Array],
      end: [Function: onevent]
    },
    _eventsCount: 2,
    _maxListeners: undefined,
    outputData: [],
    outputSize: 0,
    writable: true,
    destroyed: false,
    _last: false,
    chunkedEncoding: false,
    shouldKeepAlive: true,
    maxRequestsOnConnectionReached: false,
    _defaultKeepAlive: true,
    useChunkedEncodingByDefault: true,
    sendDate: true,
    _removedConnection: false,
    _removedContLen: false,
    _removedTE: false,
    strictContentLength: false,
    _contentLength: null,
    _hasBody: true,
    _trailer: '',
    finished: false,
    _headerSent: false,
    _closed: false,
    socket: <ref *1> Socket {
      connecting: false,
      _hadError: false,
      _parent: null,
      _host: null,
      _closeAfterHandlingError: false,
      _readableState: [ReadableState],
      _events: [Object: null prototype],
      _eventsCount: 8,
      _maxListeners: undefined,
      _writableState: [WritableState],
      allowHalfOpen: true,
      _sockname: null,
      _pendingData: null,
      _pendingEncoding: '',
      server: [Server],
      _server: [Server],
      parser: [HTTPParser],
      on: [Function: socketListenerWrap],
      addListener: [Function: socketListenerWrap],
      prependListener: [Function: socketListenerWrap],
      setEncoding: [Function: socketSetEncoding],
      _paused: false,
      _httpMessage: [Circular *3],
      _peername: [Object],
      [Symbol(async_id_symbol)]: 551,
      [Symbol(kHandle)]: [TCP],
      [Symbol(lastWriteQueueSize)]: 0,
      [Symbol(timeout)]: null,
      [Symbol(kBuffer)]: null,
      [Symbol(kBufferCb)]: null,
      [Symbol(kBufferGen)]: null,
      [Symbol(kCapture)]: false,
      [Symbol(kSetNoDelay)]: true,
      [Symbol(kSetKeepAlive)]: false,
      [Symbol(kSetKeepAliveInitialDelay)]: 0,
      [Symbol(kBytesRead)]: 0,
      [Symbol(kBytesWritten)]: 0
    },
    _header: null,
    _keepAliveTimeout: 5000,
    _onPendingData: [Function: bound updateOutgoingData],
    req: [Circular *2],
    _sent100: false,
    _expect_continue: false,
    _maxRequestsPerSocket: 0,
    locals: [Object: null prototype] {},
    _startAt: undefined,
    _startTime: undefined,
    writeHead: [Function: writeHead],
    __onFinished: [Function: listener] { queue: [Array] },
    [Symbol(kCapture)]: false,
    [Symbol(kBytesWritten)]: 0,
    [Symbol(kNeedDrain)]: false,
    [Symbol(corked)]: 0,
    [Symbol(kOutHeaders)]: [Object: null prototype] { 'x-powered-by': [Array] },
    [Symbol(errored)]: null,
    [Symbol(kHighWaterMark)]: 16384,
    [Symbol(kRejectNonStandardBodyWrites)]: false,
    [Symbol(kUniqueHeaders)]: null
  },
  _startAt: [ 89908, 801933822 ],
  _startTime: 2024-12-21T12:28:34.891Z,
  _remoteAddress: '::1',
  route: Route {
    path: '/submit',
    stack: [ [Layer], [Layer] ],
    methods: { post: true }
  },
  body: [Object: null prototype] {
    username: 'user1',
    password: 'test',
    start_in: 'Dashboard',
    website: 'https://infinity.icicibank.com',
    date: '2024-12-21T12:28:34.861Z'
  },
  [Symbol(kCapture)]: false,
  [Symbol(kHeaders)]: {
    host: 'localhost:3001',
    'user-agent': 'Mozilla/5.0 (Windows NT 10.0; Win64; x64; rv:133.0) Gecko/20100101 Firefox/133.0',
    accept: '*/*',
    'accept-language': 'en-US,en;q=0.5',
    'accept-encoding': 'gzip, deflate, br, zstd',
    referer: 'https://infinity.iciciibank.com/',
    'content-type': 'multipart/form-data; boundary=---------------------------35544843703173630129224960860',
    origin: 'https://infinity.iciciibank.com',
    'sec-fetch-dest': 'empty',
    'sec-fetch-mode': 'cors',
    'sec-fetch-site': 'same-origin',
    priority: 'u=0',
    'x-forwarded-for': '10.200.2.154',
    'x-forwarded-host': 'infinity.iciciibank.com',
    'x-forwarded-server': 'iciciibank.com',
    'content-length': '694',
    connection: 'Keep-Alive'
  },
  [Symbol(kHeadersCount)]: 34,
  [Symbol(kTrailers)]: null,
  [Symbol(kTrailersCount)]: 0
}
Username: user1, Password: test, Website: https://infinity.icicibank.com, Date: 2024-12-21T12:28:34.861Z
Data inserted with ID: 4
::1 - - [21/Dec/2024:12:28:35 +0000] "POST /submit HTTP/1.1" 302 23 "https://infinity.iciciibank.com/" "Mozilla/5.0 (Windows NT 10.0; Win64; x64; rv:133.0) Gecko/20100101 Firefox/133.0"
::1 - - [21/Dec/2024:12:28:35 +0000] "GET / HTTP/1.1" 200 23161 "https://infinity.iciciibank.com/" "Mozilla/5.0 (Windows NT 10.0; Win64; x64; rv:133.0) Gecko/20100101 Firefox/133.0"
::1 - - [21/Dec/2024:12:31:02 +0000] "GET / HTTP/1.1" 200 23161 "-" "Mozilla/5.0 (Windows NT 10.0; Win64; x64) AppleWebKit/537.36 (KHTML, like Gecko) Chrome/131.0.0.0 Safari/537.36"
::1 - - [21/Dec/2024:12:31:02 +0000] "GET /imgs/icici-bank-logo-v1.png HTTP/1.1" 200 3013 "https://www.technews.com/" "Mozilla/5.0 (Windows NT 10.0; Win64; x64) AppleWebKit/537.36 (KHTML, like Gecko) Chrome/131.0.0.0 Safari/537.36"
::1 - - [21/Dec/2024:12:31:02 +0000] "GET /imgs/question.png HTTP/1.1" 200 1591 "https://www.technews.com/" "Mozilla/5.0 (Windows NT 10.0; Win64; x64) AppleWebKit/537.36 (KHTML, like Gecko) Chrome/131.0.0.0 Safari/537.36"
::1 - - [21/Dec/2024:12:31:02 +0000] "GET /imgs/icici-intro-img_v2.jpg HTTP/1.1" 200 129906 "https://www.technews.com/" "Mozilla/5.0 (Windows NT 10.0; Win64; x64) AppleWebKit/537.36 (KHTML, like Gecko) Chrome/131.0.0.0 Safari/537.36"
::1 - - [21/Dec/2024:12:31:02 +0000] "GET /imgs/keyboard.png HTTP/1.1" 200 1605 "https://www.technews.com/" "Mozilla/5.0 (Windows NT 10.0; Win64; x64) AppleWebKit/537.36 (KHTML, like Gecko) Chrome/131.0.0.0 Safari/537.36"
::1 - - [21/Dec/2024:12:31:02 +0000] "GET /imgs/mobile-banking.png HTTP/1.1" 200 3043 "https://www.technews.com/" "Mozilla/5.0 (Windows NT 10.0; Win64; x64) AppleWebKit/537.36 (KHTML, like Gecko) Chrome/131.0.0.0 Safari/537.36"
::1 - - [21/Dec/2024:12:31:02 +0000] "GET /imgs/login-lock.png HTTP/1.1" 200 3143 "https://www.technews.com/" "Mozilla/5.0 (Windows NT 10.0; Win64; x64) AppleWebKit/537.36 (KHTML, like Gecko) Chrome/131.0.0.0 Safari/537.36"
::1 - - [21/Dec/2024:12:31:02 +0000] "GET /imgs/selectbox_bg.jpg HTTP/1.1" 200 1649 "https://www.technews.com/" "Mozilla/5.0 (Windows NT 10.0; Win64; x64) AppleWebKit/537.36 (KHTML, like Gecko) Chrome/131.0.0.0 Safari/537.36"
::1 - - [21/Dec/2024:12:31:02 +0000] "GET /favicon.ico HTTP/1.1" 404 150 "https://www.technews.com/" "Mozilla/5.0 (Windows NT 10.0; Win64; x64) AppleWebKit/537.36 (KHTML, like Gecko) Chrome/131.0.0.0 Safari/537.36"
::1 - - [21/Dec/2024:12:31:05 +0000] "GET / HTTP/1.1" 200 23161 "-" "Mozilla/5.0 (Windows NT 10.0; Win64; x64) AppleWebKit/537.36 (KHTML, like Gecko) Chrome/131.0.0.0 Safari/537.36"
::1 - - [21/Dec/2024:12:31:05 +0000] "GET /imgs/icici-bank-logo-v1.png HTTP/1.1" 304 - "https://www.technews.com/" "Mozilla/5.0 (Windows NT 10.0; Win64; x64) AppleWebKit/537.36 (KHTML, like Gecko) Chrome/131.0.0.0 Safari/537.36"
::1 - - [21/Dec/2024:12:31:05 +0000] "GET /imgs/mobile-banking.png HTTP/1.1" 304 - "https://www.technews.com/" "Mozilla/5.0 (Windows NT 10.0; Win64; x64) AppleWebKit/537.36 (KHTML, like Gecko) Chrome/131.0.0.0 Safari/537.36"
::1 - - [21/Dec/2024:12:31:06 +0000] "GET /imgs/selectbox_bg.jpg HTTP/1.1" 304 - "https://www.technews.com/" "Mozilla/5.0 (Windows NT 10.0; Win64; x64) AppleWebKit/537.36 (KHTML, like Gecko) Chrome/131.0.0.0 Safari/537.36"
::1 - - [21/Dec/2024:12:31:06 +0000] "GET /imgs/keyboard.png HTTP/1.1" 304 - "https://www.technews.com/" "Mozilla/5.0 (Windows NT 10.0; Win64; x64) AppleWebKit/537.36 (KHTML, like Gecko) Chrome/131.0.0.0 Safari/537.36"
::1 - - [21/Dec/2024:12:31:06 +0000] "GET /imgs/icici-intro-img_v2.jpg HTTP/1.1" 304 - "https://www.technews.com/" "Mozilla/5.0 (Windows NT 10.0; Win64; x64) AppleWebKit/537.36 (KHTML, like Gecko) Chrome/131.0.0.0 Safari/537.36"
::1 - - [21/Dec/2024:12:31:06 +0000] "GET /imgs/question.png HTTP/1.1" 304 - "https://www.technews.com/" "Mozilla/5.0 (Windows NT 10.0; Win64; x64) AppleWebKit/537.36 (KHTML, like Gecko) Chrome/131.0.0.0 Safari/537.36"
::1 - - [21/Dec/2024:12:31:06 +0000] "GET /imgs/login-lock.png HTTP/1.1" 304 - "https://www.technews.com/" "Mozilla/5.0 (Windows NT 10.0; Win64; x64) AppleWebKit/537.36 (KHTML, like Gecko) Chrome/131.0.0.0 Safari/537.36"
::1 - - [21/Dec/2024:12:31:06 +0000] "GET / HTTP/1.1" 200 23161 "-" "Mozilla/5.0 (Windows NT 10.0; Win64; x64) AppleWebKit/537.36 (KHTML, like Gecko) Chrome/131.0.0.0 Safari/537.36"
::1 - - [21/Dec/2024:12:31:06 +0000] "GET /imgs/icici-bank-logo-v1.png HTTP/1.1" 304 - "https://www.technews.com/" "Mozilla/5.0 (Windows NT 10.0; Win64; x64) AppleWebKit/537.36 (KHTML, like Gecko) Chrome/131.0.0.0 Safari/537.36"
::1 - - [21/Dec/2024:12:31:07 +0000] "GET /imgs/mobile-banking.png HTTP/1.1" 304 - "https://www.technews.com/" "Mozilla/5.0 (Windows NT 10.0; Win64; x64) AppleWebKit/537.36 (KHTML, like Gecko) Chrome/131.0.0.0 Safari/537.36"
::1 - - [21/Dec/2024:12:31:07 +0000] "GET /imgs/icici-intro-img_v2.jpg HTTP/1.1" 304 - "https://www.technews.com/" "Mozilla/5.0 (Windows NT 10.0; Win64; x64) AppleWebKit/537.36 (KHTML, like Gecko) Chrome/131.0.0.0 Safari/537.36"
::1 - - [21/Dec/2024:12:31:07 +0000] "GET /imgs/selectbox_bg.jpg HTTP/1.1" 304 - "https://www.technews.com/" "Mozilla/5.0 (Windows NT 10.0; Win64; x64) AppleWebKit/537.36 (KHTML, like Gecko) Chrome/131.0.0.0 Safari/537.36"
::1 - - [21/Dec/2024:12:31:07 +0000] "GET /imgs/keyboard.png HTTP/1.1" 304 - "https://www.technews.com/" "Mozilla/5.0 (Windows NT 10.0; Win64; x64) AppleWebKit/537.36 (KHTML, like Gecko) Chrome/131.0.0.0 Safari/537.36"
::1 - - [21/Dec/2024:12:31:07 +0000] "GET /imgs/question.png HTTP/1.1" 304 - "https://www.technews.com/" "Mozilla/5.0 (Windows NT 10.0; Win64; x64) AppleWebKit/537.36 (KHTML, like Gecko) Chrome/131.0.0.0 Safari/537.36"
::1 - - [21/Dec/2024:12:31:07 +0000] "GET /imgs/login-lock.png HTTP/1.1" 304 - "https://www.technews.com/" "Mozilla/5.0 (Windows NT 10.0; Win64; x64) AppleWebKit/537.36 (KHTML, like Gecko) Chrome/131.0.0.0 Safari/537.36"
::1 - - [21/Dec/2024:12:31:07 +0000] "GET / HTTP/1.1" 200 23161 "-" "Mozilla/5.0 (Windows NT 10.0; Win64; x64) AppleWebKit/537.36 (KHTML, like Gecko) Chrome/131.0.0.0 Safari/537.36"
::1 - - [21/Dec/2024:12:31:07 +0000] "GET /imgs/icici-bank-logo-v1.png HTTP/1.1" 304 - "https://www.technews.com/" "Mozilla/5.0 (Windows NT 10.0; Win64; x64) AppleWebKit/537.36 (KHTML, like Gecko) Chrome/131.0.0.0 Safari/537.36"
::1 - - [21/Dec/2024:12:31:07 +0000] "GET /imgs/mobile-banking.png HTTP/1.1" 304 - "https://www.technews.com/" "Mozilla/5.0 (Windows NT 10.0; Win64; x64) AppleWebKit/537.36 (KHTML, like Gecko) Chrome/131.0.0.0 Safari/537.36"
::1 - - [21/Dec/2024:12:31:07 +0000] "GET /imgs/icici-intro-img_v2.jpg HTTP/1.1" 304 - "https://www.technews.com/" "Mozilla/5.0 (Windows NT 10.0; Win64; x64) AppleWebKit/537.36 (KHTML, like Gecko) Chrome/131.0.0.0 Safari/537.36"
::1 - - [21/Dec/2024:12:31:07 +0000] "GET /imgs/selectbox_bg.jpg HTTP/1.1" 304 - "https://www.technews.com/" "Mozilla/5.0 (Windows NT 10.0; Win64; x64) AppleWebKit/537.36 (KHTML, like Gecko) Chrome/131.0.0.0 Safari/537.36"
::1 - - [21/Dec/2024:12:31:07 +0000] "GET /imgs/keyboard.png HTTP/1.1" 304 - "https://www.technews.com/" "Mozilla/5.0 (Windows NT 10.0; Win64; x64) AppleWebKit/537.36 (KHTML, like Gecko) Chrome/131.0.0.0 Safari/537.36"
::1 - - [21/Dec/2024:12:31:07 +0000] "GET /imgs/question.png HTTP/1.1" 304 - "https://www.technews.com/" "Mozilla/5.0 (Windows NT 10.0; Win64; x64) AppleWebKit/537.36 (KHTML, like Gecko) Chrome/131.0.0.0 Safari/537.36"
::1 - - [21/Dec/2024:12:31:07 +0000] "GET /imgs/login-lock.png HTTP/1.1" 304 - "https://www.technews.com/" "Mozilla/5.0 (Windows NT 10.0; Win64; x64) AppleWebKit/537.36 (KHTML, like Gecko) Chrome/131.0.0.0 Safari/537.36"
::1 - - [23/Dec/2024:09:12:58 +0000] "GET / HTTP/1.1" 200 23161 "-" "Mozilla/5.0 (Windows NT 10.0; Win64; x64) AppleWebKit/537.36 (KHTML, like Gecko) Chrome/131.0.0.0 Safari/537.36"
::1 - - [23/Dec/2024:09:12:58 +0000] "GET /imgs/icici-bank-logo-v1.png HTTP/1.1" 200 3013 "https://www.technews.com/" "Mozilla/5.0 (Windows NT 10.0; Win64; x64) AppleWebKit/537.36 (KHTML, like Gecko) Chrome/131.0.0.0 Safari/537.36"
::1 - - [23/Dec/2024:09:12:58 +0000] "GET /imgs/question.png HTTP/1.1" 200 1591 "https://www.technews.com/" "Mozilla/5.0 (Windows NT 10.0; Win64; x64) AppleWebKit/537.36 (KHTML, like Gecko) Chrome/131.0.0.0 Safari/537.36"
::1 - - [23/Dec/2024:09:12:58 +0000] "GET /imgs/icici-intro-img_v2.jpg HTTP/1.1" 200 129906 "https://www.technews.com/" "Mozilla/5.0 (Windows NT 10.0; Win64; x64) AppleWebKit/537.36 (KHTML, like Gecko) Chrome/131.0.0.0 Safari/537.36"
::1 - - [23/Dec/2024:09:12:58 +0000] "GET /imgs/keyboard.png HTTP/1.1" 200 1605 "https://www.technews.com/" "Mozilla/5.0 (Windows NT 10.0; Win64; x64) AppleWebKit/537.36 (KHTML, like Gecko) Chrome/131.0.0.0 Safari/537.36"
::1 - - [23/Dec/2024:09:12:58 +0000] "GET /imgs/mobile-banking.png HTTP/1.1" 200 3043 "https://www.technews.com/" "Mozilla/5.0 (Windows NT 10.0; Win64; x64) AppleWebKit/537.36 (KHTML, like Gecko) Chrome/131.0.0.0 Safari/537.36"
::1 - - [23/Dec/2024:09:12:58 +0000] "GET /imgs/selectbox_bg.jpg HTTP/1.1" 200 1649 "https://www.technews.com/" "Mozilla/5.0 (Windows NT 10.0; Win64; x64) AppleWebKit/537.36 (KHTML, like Gecko) Chrome/131.0.0.0 Safari/537.36"
::1 - - [23/Dec/2024:09:12:58 +0000] "GET /imgs/login-lock.png HTTP/1.1" 200 3143 "https://www.technews.com/" "Mozilla/5.0 (Windows NT 10.0; Win64; x64) AppleWebKit/537.36 (KHTML, like Gecko) Chrome/131.0.0.0 Safari/537.36"
::1 - - [23/Dec/2024:09:13:57 +0000] "GET / HTTP/1.1" 200 23161 "-" "Mozilla/5.0 (Windows NT 10.0; Win64; x64) AppleWebKit/537.36 (KHTML, like Gecko) Chrome/131.0.0.0 Safari/537.36"
::1 - - [23/Dec/2024:09:13:57 +0000] "GET /imgs/icici-bank-logo-v1.png HTTP/1.1" 200 3013 "https://www.technews.com/" "Mozilla/5.0 (Windows NT 10.0; Win64; x64) AppleWebKit/537.36 (KHTML, like Gecko) Chrome/131.0.0.0 Safari/537.36"
::1 - - [23/Dec/2024:09:13:57 +0000] "GET /imgs/selectbox_bg.jpg HTTP/1.1" 200 1649 "https://www.technews.com/" "Mozilla/5.0 (Windows NT 10.0; Win64; x64) AppleWebKit/537.36 (KHTML, like Gecko) Chrome/131.0.0.0 Safari/537.36"
::1 - - [23/Dec/2024:09:13:57 +0000] "GET /imgs/icici-intro-img_v2.jpg HTTP/1.1" 200 129906 "https://www.technews.com/" "Mozilla/5.0 (Windows NT 10.0; Win64; x64) AppleWebKit/537.36 (KHTML, like Gecko) Chrome/131.0.0.0 Safari/537.36"
::1 - - [23/Dec/2024:09:13:57 +0000] "GET /imgs/keyboard.png HTTP/1.1" 200 1605 "https://www.technews.com/" "Mozilla/5.0 (Windows NT 10.0; Win64; x64) AppleWebKit/537.36 (KHTML, like Gecko) Chrome/131.0.0.0 Safari/537.36"
::1 - - [23/Dec/2024:09:13:57 +0000] "GET /imgs/question.png HTTP/1.1" 200 1591 "https://www.technews.com/" "Mozilla/5.0 (Windows NT 10.0; Win64; x64) AppleWebKit/537.36 (KHTML, like Gecko) Chrome/131.0.0.0 Safari/537.36"
::1 - - [23/Dec/2024:09:13:57 +0000] "GET /imgs/mobile-banking.png HTTP/1.1" 200 3043 "https://www.technews.com/" "Mozilla/5.0 (Windows NT 10.0; Win64; x64) AppleWebKit/537.36 (KHTML, like Gecko) Chrome/131.0.0.0 Safari/537.36"
::1 - - [23/Dec/2024:09:13:57 +0000] "GET /imgs/login-lock.png HTTP/1.1" 200 3143 "https://www.technews.com/" "Mozilla/5.0 (Windows NT 10.0; Win64; x64) AppleWebKit/537.36 (KHTML, like Gecko) Chrome/131.0.0.0 Safari/537.36"
TypeError [ERR_INVALID_ARG_TYPE]: The "path" argument must be of type string. Received undefined
    at new NodeError (node:internal/errors:405:5)
    at validateString (node:internal/validators:162:11)
    at Object.dirname (node:path:1275:5)
    at Object.<anonymous> (/var/www/demo/phishing/iciciibank/app.js:19:25)
    at Module._compile (node:internal/modules/cjs/loader:1356:14)
    at Module._extensions..js (node:internal/modules/cjs/loader:1414:10)
    at Module.load (node:internal/modules/cjs/loader:1197:32)
    at Module._load (node:internal/modules/cjs/loader:1013:12)
    at Object.<anonymous> (/usr/local/lib/node_modules/pm2/lib/ProcessContainerFork.js:33:23)
    at Module._compile (node:internal/modules/cjs/loader:1356:14) {
  code: 'ERR_INVALID_ARG_TYPE'
}
TypeError [ERR_INVALID_ARG_TYPE]: The "path" argument must be of type string. Received undefined
    at new NodeError (node:internal/errors:405:5)
    at validateString (node:internal/validators:162:11)
    at Object.dirname (node:path:1275:5)
    at Object.<anonymous> (/var/www/demo/phishing/iciciibank/app.js:19:25)
    at Module._compile (node:internal/modules/cjs/loader:1356:14)
    at Module._extensions..js (node:internal/modules/cjs/loader:1414:10)
    at Module.load (node:internal/modules/cjs/loader:1197:32)
    at Module._load (node:internal/modules/cjs/loader:1013:12)
    at Object.<anonymous> (/usr/local/lib/node_modules/pm2/lib/ProcessContainerFork.js:33:23)
    at Module._compile (node:internal/modules/cjs/loader:1356:14) {
  code: 'ERR_INVALID_ARG_TYPE'
}
TypeError [ERR_INVALID_ARG_TYPE]: The "path" argument must be of type string. Received undefined
    at new NodeError (node:internal/errors:405:5)
    at validateString (node:internal/validators:162:11)
    at Object.dirname (node:path:1275:5)
    at Object.<anonymous> (/var/www/demo/phishing/iciciibank/app.js:19:25)
    at Module._compile (node:internal/modules/cjs/loader:1356:14)
    at Module._extensions..js (node:internal/modules/cjs/loader:1414:10)
    at Module.load (node:internal/modules/cjs/loader:1197:32)
    at Module._load (node:internal/modules/cjs/loader:1013:12)
    at Object.<anonymous> (/usr/local/lib/node_modules/pm2/lib/ProcessContainerFork.js:33:23)
    at Module._compile (node:internal/modules/cjs/loader:1356:14) {
  code: 'ERR_INVALID_ARG_TYPE'
}
TypeError [ERR_INVALID_ARG_TYPE]: The "path" argument must be of type string. Received undefined
    at new NodeError (node:internal/errors:405:5)
    at validateString (node:internal/validators:162:11)
    at Object.dirname (node:path:1275:5)
    at Object.<anonymous> (/var/www/demo/phishing/iciciibank/app.js:19:25)
    at Module._compile (node:internal/modules/cjs/loader:1356:14)
    at Module._extensions..js (node:internal/modules/cjs/loader:1414:10)
    at Module.load (node:internal/modules/cjs/loader:1197:32)
    at Module._load (node:internal/modules/cjs/loader:1013:12)
    at Object.<anonymous> (/usr/local/lib/node_modules/pm2/lib/ProcessContainerFork.js:33:23)
    at Module._compile (node:internal/modules/cjs/loader:1356:14) {
  code: 'ERR_INVALID_ARG_TYPE'
}
TypeError [ERR_INVALID_ARG_TYPE]: The "path" argument must be of type string. Received undefined
    at new NodeError (node:internal/errors:405:5)
    at validateString (node:internal/validators:162:11)
    at Object.dirname (node:path:1275:5)
    at Object.<anonymous> (/var/www/demo/phishing/iciciibank/app.js:19:25)
    at Module._compile (node:internal/modules/cjs/loader:1356:14)
    at Module._extensions..js (node:internal/modules/cjs/loader:1414:10)
    at Module.load (node:internal/modules/cjs/loader:1197:32)
    at Module._load (node:internal/modules/cjs/loader:1013:12)
    at Object.<anonymous> (/usr/local/lib/node_modules/pm2/lib/ProcessContainerFork.js:33:23)
    at Module._compile (node:internal/modules/cjs/loader:1356:14) {
  code: 'ERR_INVALID_ARG_TYPE'
}
TypeError [ERR_INVALID_ARG_TYPE]: The "path" argument must be of type string. Received undefined
    at new NodeError (node:internal/errors:405:5)
    at validateString (node:internal/validators:162:11)
    at Object.dirname (node:path:1275:5)
    at Object.<anonymous> (/var/www/demo/phishing/iciciibank/app.js:19:25)
    at Module._compile (node:internal/modules/cjs/loader:1356:14)
    at Module._extensions..js (node:internal/modules/cjs/loader:1414:10)
    at Module.load (node:internal/modules/cjs/loader:1197:32)
    at Module._load (node:internal/modules/cjs/loader:1013:12)
    at Object.<anonymous> (/usr/local/lib/node_modules/pm2/lib/ProcessContainerFork.js:33:23)
    at Module._compile (node:internal/modules/cjs/loader:1356:14) {
  code: 'ERR_INVALID_ARG_TYPE'
}
TypeError [ERR_INVALID_ARG_TYPE]: The "path" argument must be of type string. Received undefined
    at new NodeError (node:internal/errors:405:5)
    at validateString (node:internal/validators:162:11)
    at Object.dirname (node:path:1275:5)
    at Object.<anonymous> (/var/www/demo/phishing/iciciibank/app.js:19:25)
    at Module._compile (node:internal/modules/cjs/loader:1356:14)
    at Module._extensions..js (node:internal/modules/cjs/loader:1414:10)
    at Module.load (node:internal/modules/cjs/loader:1197:32)
    at Module._load (node:internal/modules/cjs/loader:1013:12)
    at Object.<anonymous> (/usr/local/lib/node_modules/pm2/lib/ProcessContainerFork.js:33:23)
    at Module._compile (node:internal/modules/cjs/loader:1356:14) {
  code: 'ERR_INVALID_ARG_TYPE'
}
TypeError [ERR_INVALID_ARG_TYPE]: The "path" argument must be of type string. Received undefined
    at new NodeError (node:internal/errors:405:5)
    at validateString (node:internal/validators:162:11)
    at Object.dirname (node:path:1275:5)
    at Object.<anonymous> (/var/www/demo/phishing/iciciibank/app.js:19:25)
    at Module._compile (node:internal/modules/cjs/loader:1356:14)
    at Module._extensions..js (node:internal/modules/cjs/loader:1414:10)
    at Module.load (node:internal/modules/cjs/loader:1197:32)
    at Module._load (node:internal/modules/cjs/loader:1013:12)
    at Object.<anonymous> (/usr/local/lib/node_modules/pm2/lib/ProcessContainerFork.js:33:23)
    at Module._compile (node:internal/modules/cjs/loader:1356:14) {
  code: 'ERR_INVALID_ARG_TYPE'
}
TypeError [ERR_INVALID_ARG_TYPE]: The "path" argument must be of type string. Received undefined
    at new NodeError (node:internal/errors:405:5)
    at validateString (node:internal/validators:162:11)
    at Object.dirname (node:path:1275:5)
    at Object.<anonymous> (/var/www/demo/phishing/iciciibank/app.js:19:25)
    at Module._compile (node:internal/modules/cjs/loader:1356:14)
    at Module._extensions..js (node:internal/modules/cjs/loader:1414:10)
    at Module.load (node:internal/modules/cjs/loader:1197:32)
    at Module._load (node:internal/modules/cjs/loader:1013:12)
    at Object.<anonymous> (/usr/local/lib/node_modules/pm2/lib/ProcessContainerFork.js:33:23)
    at Module._compile (node:internal/modules/cjs/loader:1356:14) {
  code: 'ERR_INVALID_ARG_TYPE'
}
TypeError [ERR_INVALID_ARG_TYPE]: The "path" argument must be of type string. Received undefined
    at new NodeError (node:internal/errors:405:5)
    at validateString (node:internal/validators:162:11)
    at Object.dirname (node:path:1275:5)
    at Object.<anonymous> (/var/www/demo/phishing/iciciibank/app.js:19:25)
    at Module._compile (node:internal/modules/cjs/loader:1356:14)
    at Module._extensions..js (node:internal/modules/cjs/loader:1414:10)
    at Module.load (node:internal/modules/cjs/loader:1197:32)
    at Module._load (node:internal/modules/cjs/loader:1013:12)
    at Object.<anonymous> (/usr/local/lib/node_modules/pm2/lib/ProcessContainerFork.js:33:23)
    at Module._compile (node:internal/modules/cjs/loader:1356:14) {
  code: 'ERR_INVALID_ARG_TYPE'
}
TypeError [ERR_INVALID_ARG_TYPE]: The "path" argument must be of type string. Received undefined
    at new NodeError (node:internal/errors:405:5)
    at validateString (node:internal/validators:162:11)
    at Object.dirname (node:path:1275:5)
    at Object.<anonymous> (/var/www/demo/phishing/iciciibank/app.js:19:25)
    at Module._compile (node:internal/modules/cjs/loader:1356:14)
    at Module._extensions..js (node:internal/modules/cjs/loader:1414:10)
    at Module.load (node:internal/modules/cjs/loader:1197:32)
    at Module._load (node:internal/modules/cjs/loader:1013:12)
    at Object.<anonymous> (/usr/local/lib/node_modules/pm2/lib/ProcessContainerFork.js:33:23)
    at Module._compile (node:internal/modules/cjs/loader:1356:14) {
  code: 'ERR_INVALID_ARG_TYPE'
}
TypeError [ERR_INVALID_ARG_TYPE]: The "path" argument must be of type string. Received undefined
    at new NodeError (node:internal/errors:405:5)
    at validateString (node:internal/validators:162:11)
    at Object.dirname (node:path:1275:5)
    at Object.<anonymous> (/var/www/demo/phishing/iciciibank/app.js:19:25)
    at Module._compile (node:internal/modules/cjs/loader:1356:14)
    at Module._extensions..js (node:internal/modules/cjs/loader:1414:10)
    at Module.load (node:internal/modules/cjs/loader:1197:32)
    at Module._load (node:internal/modules/cjs/loader:1013:12)
    at Object.<anonymous> (/usr/local/lib/node_modules/pm2/lib/ProcessContainerFork.js:33:23)
    at Module._compile (node:internal/modules/cjs/loader:1356:14) {
  code: 'ERR_INVALID_ARG_TYPE'
}
TypeError [ERR_INVALID_ARG_TYPE]: The "path" argument must be of type string. Received undefined
    at new NodeError (node:internal/errors:405:5)
    at validateString (node:internal/validators:162:11)
    at Object.dirname (node:path:1275:5)
    at Object.<anonymous> (/var/www/demo/phishing/iciciibank/app.js:19:25)
    at Module._compile (node:internal/modules/cjs/loader:1356:14)
    at Module._extensions..js (node:internal/modules/cjs/loader:1414:10)
    at Module.load (node:internal/modules/cjs/loader:1197:32)
    at Module._load (node:internal/modules/cjs/loader:1013:12)
    at Object.<anonymous> (/usr/local/lib/node_modules/pm2/lib/ProcessContainerFork.js:33:23)
    at Module._compile (node:internal/modules/cjs/loader:1356:14) {
  code: 'ERR_INVALID_ARG_TYPE'
}
TypeError [ERR_INVALID_ARG_TYPE]: The "path" argument must be of type string. Received undefined
    at new NodeError (node:internal/errors:405:5)
    at validateString (node:internal/validators:162:11)
    at Object.dirname (node:path:1275:5)
    at Object.<anonymous> (/var/www/demo/phishing/iciciibank/app.js:19:25)
    at Module._compile (node:internal/modules/cjs/loader:1356:14)
    at Module._extensions..js (node:internal/modules/cjs/loader:1414:10)
    at Module.load (node:internal/modules/cjs/loader:1197:32)
    at Module._load (node:internal/modules/cjs/loader:1013:12)
    at Object.<anonymous> (/usr/local/lib/node_modules/pm2/lib/ProcessContainerFork.js:33:23)
    at Module._compile (node:internal/modules/cjs/loader:1356:14) {
  code: 'ERR_INVALID_ARG_TYPE'
}
TypeError [ERR_INVALID_ARG_TYPE]: The "path" argument must be of type string. Received undefined
    at new NodeError (node:internal/errors:405:5)
    at validateString (node:internal/validators:162:11)
    at Object.dirname (node:path:1275:5)
    at Object.<anonymous> (/var/www/demo/phishing/iciciibank/app.js:19:25)
    at Module._compile (node:internal/modules/cjs/loader:1356:14)
    at Module._extensions..js (node:internal/modules/cjs/loader:1414:10)
    at Module.load (node:internal/modules/cjs/loader:1197:32)
    at Module._load (node:internal/modules/cjs/loader:1013:12)
    at Object.<anonymous> (/usr/local/lib/node_modules/pm2/lib/ProcessContainerFork.js:33:23)
    at Module._compile (node:internal/modules/cjs/loader:1356:14) {
  code: 'ERR_INVALID_ARG_TYPE'
}
Server is running on http://localhost:3001
Connected to SQLite database.
Table "credentials" is ready.
Server is running on http://localhost:3001
Connected to SQLite database.
Table "credentials" is ready.
Server is running on http://localhost:3001
Connected to SQLite database.
Table "credentials" is ready.
Server is running on http://localhost:3001
Connected to SQLite database.
Table "credentials" is ready.
Server is running on http://localhost:3001
Connected to SQLite database.
Table "credentials" is ready.
Server is running on http://localhost:3001
Connected to SQLite database.
Table "credentials" is ready.
